c:\users\suteo\music\internal - copy\obj\inzernald\dllmain.obj
c:\users\suteo\music\internal - copy\obj\inzernald\menu.obj
c:\users\suteo\music\internal - copy\obj\inzernald\hooks.obj
c:\users\suteo\music\internal - copy\obj\inzernald\texteditor.obj
c:\users\suteo\music\internal - copy\obj\inzernald\networking.obj
c:\users\suteo\music\internal - copy\obj\inzernald\consts.obj
c:\users\suteo\music\internal - copy\obj\inzernald\sigs.obj
c:\users\suteo\music\internal - copy\obj\inzernald\players.obj
c:\users\suteo\music\internal - copy\obj\inzernald\cheats.obj
c:\users\suteo\music\internal - copy\obj\inzernald\vec1.obj
c:\users\suteo\music\internal - copy\obj\inzernald\vec4.obj
c:\users\suteo\music\internal - copy\obj\inzernald\platformprecomp.obj
c:\users\suteo\music\internal - copy\obj\inzernald\gt.obj
c:\users\suteo\music\internal - copy\obj\inzernald\globals.obj
c:\users\suteo\music\internal - copy\obj\inzernald\angle.obj
c:\users\suteo\music\internal - copy\obj\inzernald\line_segment.obj
c:\users\suteo\music\internal - copy\obj\inzernald\mat3.obj
c:\users\suteo\music\internal - copy\obj\inzernald\origin.obj
c:\users\suteo\music\internal - copy\obj\inzernald\rect.obj
c:\users\suteo\music\internal - copy\obj\inzernald\vec2.obj
c:\users\suteo\music\internal - copy\obj\inzernald\miscutils.obj
c:\users\suteo\music\internal - copy\obj\inzernald\tab1.obj
c:\users\suteo\music\internal - copy\obj\inzernald\imgui_impl_dx9.obj
c:\users\suteo\music\internal - copy\obj\inzernald\misc.obj
c:\users\suteo\music\internal - copy\obj\inzernald\variantdb.obj
c:\users\suteo\music\internal - copy\obj\inzernald\etc_elements.obj
c:\users\suteo\music\internal - copy\obj\inzernald\imgui_draw.obj
c:\users\suteo\music\internal - copy\obj\inzernald\imgui_impl_win32.obj
c:\users\suteo\music\internal - copy\obj\inzernald\imwrap.obj
c:\users\suteo\music\internal - copy\obj\inzernald\rtrect.obj
c:\users\suteo\music\internal - copy\obj\inzernald\variant.obj
c:\users\suteo\music\internal - copy\obj\inzernald\requests.obj
c:\users\suteo\music\internal - copy\obj\inzernald\automation.obj
c:\users\suteo\music\internal - copy\obj\inzernald\realtime.obj
c:\users\suteo\music\internal - copy\obj\inzernald\utils.obj
c:\users\suteo\music\internal - copy\obj\inzernald\mat2.obj
c:\users\suteo\music\internal - copy\obj\inzernald\mat4.obj
c:\users\suteo\music\internal - copy\obj\inzernald\crandom.obj
c:\users\suteo\music\internal - copy\obj\inzernald\sdk.obj
c:\users\suteo\music\internal - copy\obj\inzernald\bot.obj
c:\users\suteo\music\internal - copy\obj\inzernald\imgui_tables.obj
c:\users\suteo\music\internal - copy\obj\inzernald\imgui_widgets.obj
c:\users\suteo\music\internal - copy\obj\inzernald\item database.obj
c:\users\suteo\music\internal - copy\obj\inzernald\corebot.obj
c:\users\suteo\music\internal - copy\obj\inzernald\autofarm.obj
c:\users\suteo\music\internal - copy\obj\inzernald\visual.obj
c:\users\suteo\music\internal - copy\obj\inzernald\xor.obj
c:\users\suteo\music\internal - copy\obj\inzernald\imgui.obj
c:\users\suteo\music\internal - copy\obj\inzernald\astar.obj
c:\users\suteo\music\internal - copy\obj\inzernald\enetclient2.obj
c:\users\suteo\music\internal - copy\obj\inzernald\imgui_demo.obj
c:\users\suteo\music\internal - copy\obj\inzernald\vec3.obj
c:\users\suteo\music\internal - copy\obj\inzernald\mathutils.obj
c:\users\suteo\music\internal - copy\obj\inzernald\vc143.pdb
c:\users\suteo\music\internal - copy\obj\inzernald\peer.obj
c:\users\suteo\music\internal - copy\obj\inzernald\hde64.obj
c:\users\suteo\music\internal - copy\obj\inzernald\buffer.obj
c:\users\suteo\music\internal - copy\obj\inzernald\unix.obj
c:\users\suteo\music\internal - copy\obj\inzernald\compress.obj
c:\users\suteo\music\internal - copy\obj\inzernald\protocol.obj
c:\users\suteo\music\internal - copy\obj\inzernald\hook.obj
c:\users\suteo\music\internal - copy\obj\inzernald\trampoline.obj
c:\users\suteo\music\internal - copy\obj\inzernald\host.obj
c:\users\suteo\music\internal - copy\obj\inzernald\win32.obj
c:\users\suteo\music\internal - copy\obj\inzernald\packet.obj
c:\users\suteo\music\internal - copy\obj\inzernald\callbacks.obj
c:\users\suteo\music\internal - copy\obj\inzernald\hde32.obj
c:\users\suteo\music\internal - copy\obj\inzernald\miniz.obj
c:\users\suteo\music\internal - copy\obj\inzernald\list.obj
c:\users\suteo\music\internal - copy\bin\~~~.lib
c:\users\suteo\music\internal - copy\bin\~~~.exp
c:\users\suteo\music\internal - copy\bin\~~~.dll
c:\users\suteo\music\internal - copy\bin\~~~.pdb
c:\users\suteo\music\internal - copy\obj\inzernald\inzernal.vcxproj.filelistabsolute.txt
c:\users\suteo\music\internal - copy\obj\inzernald\~~~.tlog\cl.command.1.tlog
c:\users\suteo\music\internal - copy\obj\inzernald\~~~.tlog\cl.read.1.tlog
c:\users\suteo\music\internal - copy\obj\inzernald\~~~.tlog\cl.write.1.tlog
c:\users\suteo\music\internal - copy\obj\inzernald\~~~.tlog\link.command.1.tlog
c:\users\suteo\music\internal - copy\obj\inzernald\~~~.tlog\link.read.1.tlog
c:\users\suteo\music\internal - copy\obj\inzernald\~~~.tlog\link.write.1.tlog
c:\users\suteo\music\internal - copy\obj\inzernald\~~~.tlog\link.write.2u.tlog
